2018-01-17 12:36:34 ERROR com.senla.training.kononovich.dependencyinjection.propertyworker.PropertyWorker.getProps:34 - DependencyInjection.txt (Не удается найти указанный файл)
java.io.FileNotFoundException: DependencyInjection.txt (Не удается найти указанный файл)
	at java.io.FileInputStream.open0(Native Method)
	at java.io.FileInputStream.open(Unknown Source)
	at java.io.FileInputStream.<init>(Unknown Source)
	at java.io.FileInputStream.<init>(Unknown Source)
	at com.senla.training.kononovich.dependencyinjection.propertyworker.PropertyWorker.getProps(PropertyWorker.java:29)
	at com.senla.training.kononovich.dependencyinjection.DependencyInjection.getClassInstance(DependencyInjection.java:22)
	at com.senla.training.kononovich.controller.Shop.<init>(Shop.java:26)
	at com.senla.training.kononovich.controller.Shop.getInstance(Shop.java:50)
	at com.senla.training.kononovich.webapp.Test.main(Test.java:9)
2018-01-17 12:36:34 ERROR com.senla.training.kononovich.dependencyinjection.DependencyInjection.getClassInstance:28 - 
java.lang.NullPointerException
	at java.lang.Class.forName0(Native Method)
	at java.lang.Class.forName(Unknown Source)
	at com.senla.training.kononovich.dependencyinjection.DependencyInjection.getClassInstance(DependencyInjection.java:24)
	at com.senla.training.kononovich.controller.Shop.<init>(Shop.java:26)
	at com.senla.training.kononovich.controller.Shop.getInstance(Shop.java:50)
	at com.senla.training.kononovich.webapp.Test.main(Test.java:9)
2018-01-17 12:36:34 DEBUG org.jboss.logging.messageLogger:28 - Logging Provider: org.jboss.logging.Log4jLoggerProvider
2018-01-17 12:36:34 DEBUG org.hibernate.integrator.internal.IntegratorServiceImpl.addIntegrator:46 - Adding Integrator [org.hibernate.cfg.beanvalidation.BeanValidationIntegrator].
2018-01-17 12:36:34 DEBUG org.hibernate.integrator.internal.IntegratorServiceImpl.addIntegrator:46 - Adding Integrator [org.hibernate.secure.spi.JaccIntegrator].
2018-01-17 12:36:34 DEBUG org.hibernate.integrator.internal.IntegratorServiceImpl.addIntegrator:46 - Adding Integrator [org.hibernate.cache.internal.CollectionCacheInvalidator].
2018-01-17 12:41:45 ERROR com.senla.training.kononovich.dependencyinjection.propertyworker.PropertyWorker.getProps:34 - DependencyInjection.txt (Не удается найти указанный файл)
java.io.FileNotFoundException: DependencyInjection.txt (Не удается найти указанный файл)
	at java.io.FileInputStream.open0(Native Method)
	at java.io.FileInputStream.open(Unknown Source)
	at java.io.FileInputStream.<init>(Unknown Source)
	at java.io.FileInputStream.<init>(Unknown Source)
	at com.senla.training.kononovich.dependencyinjection.propertyworker.PropertyWorker.getProps(PropertyWorker.java:29)
	at com.senla.training.kononovich.dependencyinjection.DependencyInjection.getClassInstance(DependencyInjection.java:22)
	at com.senla.training.kononovich.controller.Shop.<init>(Shop.java:26)
	at com.senla.training.kononovich.controller.Shop.getInstance(Shop.java:50)
	at com.senla.training.kononovich.webapp.Test.main(Test.java:9)
2018-01-17 12:41:45 ERROR com.senla.training.kononovich.dependencyinjection.DependencyInjection.getClassInstance:28 - 
java.lang.NullPointerException
	at java.lang.Class.forName0(Native Method)
	at java.lang.Class.forName(Unknown Source)
	at com.senla.training.kononovich.dependencyinjection.DependencyInjection.getClassInstance(DependencyInjection.java:24)
	at com.senla.training.kononovich.controller.Shop.<init>(Shop.java:26)
	at com.senla.training.kononovich.controller.Shop.getInstance(Shop.java:50)
	at com.senla.training.kononovich.webapp.Test.main(Test.java:9)
2018-01-17 12:41:45 DEBUG org.jboss.logging.messageLogger:28 - Logging Provider: org.jboss.logging.Log4jLoggerProvider
2018-01-17 12:41:45 DEBUG org.hibernate.integrator.internal.IntegratorServiceImpl.addIntegrator:46 - Adding Integrator [org.hibernate.cfg.beanvalidation.BeanValidationIntegrator].
2018-01-17 12:41:45 DEBUG org.hibernate.integrator.internal.IntegratorServiceImpl.addIntegrator:46 - Adding Integrator [org.hibernate.secure.spi.JaccIntegrator].
2018-01-17 12:41:45 DEBUG org.hibernate.integrator.internal.IntegratorServiceImpl.addIntegrator:46 - Adding Integrator [org.hibernate.cache.internal.CollectionCacheInvalidator].
2018-01-17 12:43:51 ERROR com.senla.training.kononovich.dependencyinjection.propertyworker.PropertyWorker.getProps:34 - source\DependencyInjection.txt (Системе не удается найти указанный путь)
java.io.FileNotFoundException: source\DependencyInjection.txt (Системе не удается найти указанный путь)
	at java.io.FileInputStream.open0(Native Method)
	at java.io.FileInputStream.open(Unknown Source)
	at java.io.FileInputStream.<init>(Unknown Source)
	at java.io.FileInputStream.<init>(Unknown Source)
	at com.senla.training.kononovich.dependencyinjection.propertyworker.PropertyWorker.getProps(PropertyWorker.java:29)
	at com.senla.training.kononovich.dependencyinjection.DependencyInjection.getClassInstance(DependencyInjection.java:22)
	at com.senla.training.kononovich.controller.Shop.<init>(Shop.java:26)
	at com.senla.training.kononovich.controller.Shop.getInstance(Shop.java:50)
	at com.senla.training.kononovich.webapp.Test.main(Test.java:9)
2018-01-17 12:43:51 ERROR com.senla.training.kononovich.dependencyinjection.DependencyInjection.getClassInstance:28 - 
java.lang.NullPointerException
	at java.lang.Class.forName0(Native Method)
	at java.lang.Class.forName(Unknown Source)
	at com.senla.training.kononovich.dependencyinjection.DependencyInjection.getClassInstance(DependencyInjection.java:24)
	at com.senla.training.kononovich.controller.Shop.<init>(Shop.java:26)
	at com.senla.training.kononovich.controller.Shop.getInstance(Shop.java:50)
	at com.senla.training.kononovich.webapp.Test.main(Test.java:9)
2018-01-17 12:43:51 DEBUG org.jboss.logging.messageLogger:28 - Logging Provider: org.jboss.logging.Log4jLoggerProvider
2018-01-17 12:43:51 DEBUG org.hibernate.integrator.internal.IntegratorServiceImpl.addIntegrator:46 - Adding Integrator [org.hibernate.cfg.beanvalidation.BeanValidationIntegrator].
2018-01-17 12:43:51 DEBUG org.hibernate.integrator.internal.IntegratorServiceImpl.addIntegrator:46 - Adding Integrator [org.hibernate.secure.spi.JaccIntegrator].
2018-01-17 12:43:51 DEBUG org.hibernate.integrator.internal.IntegratorServiceImpl.addIntegrator:46 - Adding Integrator [org.hibernate.cache.internal.CollectionCacheInvalidator].
2018-01-17 12:44:32 ERROR com.senla.training.kononovich.dependencyinjection.propertyworker.PropertyWorker.getProps:34 - . source\DependencyInjection.txt (Системе не удается найти указанный путь)
java.io.FileNotFoundException: . source\DependencyInjection.txt (Системе не удается найти указанный путь)
	at java.io.FileInputStream.open0(Native Method)
	at java.io.FileInputStream.open(Unknown Source)
	at java.io.FileInputStream.<init>(Unknown Source)
	at java.io.FileInputStream.<init>(Unknown Source)
	at com.senla.training.kononovich.dependencyinjection.propertyworker.PropertyWorker.getProps(PropertyWorker.java:29)
	at com.senla.training.kononovich.dependencyinjection.DependencyInjection.getClassInstance(DependencyInjection.java:22)
	at com.senla.training.kononovich.controller.Shop.<init>(Shop.java:26)
	at com.senla.training.kononovich.controller.Shop.getInstance(Shop.java:50)
	at com.senla.training.kononovich.webapp.Test.main(Test.java:9)
2018-01-17 12:44:32 ERROR com.senla.training.kononovich.dependencyinjection.DependencyInjection.getClassInstance:28 - 
java.lang.NullPointerException
	at java.lang.Class.forName0(Native Method)
	at java.lang.Class.forName(Unknown Source)
	at com.senla.training.kononovich.dependencyinjection.DependencyInjection.getClassInstance(DependencyInjection.java:24)
	at com.senla.training.kononovich.controller.Shop.<init>(Shop.java:26)
	at com.senla.training.kononovich.controller.Shop.getInstance(Shop.java:50)
	at com.senla.training.kononovich.webapp.Test.main(Test.java:9)
2018-01-17 12:44:32 DEBUG org.jboss.logging.messageLogger:28 - Logging Provider: org.jboss.logging.Log4jLoggerProvider
2018-01-17 12:44:32 DEBUG org.hibernate.integrator.internal.IntegratorServiceImpl.addIntegrator:46 - Adding Integrator [org.hibernate.cfg.beanvalidation.BeanValidationIntegrator].
2018-01-17 12:44:32 DEBUG org.hibernate.integrator.internal.IntegratorServiceImpl.addIntegrator:46 - Adding Integrator [org.hibernate.secure.spi.JaccIntegrator].
2018-01-17 12:44:32 DEBUG org.hibernate.integrator.internal.IntegratorServiceImpl.addIntegrator:46 - Adding Integrator [org.hibernate.cache.internal.CollectionCacheInvalidator].
2018-01-17 12:45:06 ERROR com.senla.training.kononovich.dependencyinjection.propertyworker.PropertyWorker.getProps:34 - . source\DependencyInjection.txt (Системе не удается найти указанный путь)
java.io.FileNotFoundException: . source\DependencyInjection.txt (Системе не удается найти указанный путь)
	at java.io.FileInputStream.open0(Native Method)
	at java.io.FileInputStream.open(Unknown Source)
	at java.io.FileInputStream.<init>(Unknown Source)
	at java.io.FileInputStream.<init>(Unknown Source)
	at com.senla.training.kononovich.dependencyinjection.propertyworker.PropertyWorker.getProps(PropertyWorker.java:29)
	at com.senla.training.kononovich.dependencyinjection.DependencyInjection.getClassInstance(DependencyInjection.java:22)
	at com.senla.training.kononovich.controller.Shop.<init>(Shop.java:26)
	at com.senla.training.kononovich.controller.Shop.getInstance(Shop.java:50)
	at com.senla.training.kononovich.webapp.Test.main(Test.java:9)
2018-01-17 12:45:06 ERROR com.senla.training.kononovich.dependencyinjection.DependencyInjection.getClassInstance:28 - 
java.lang.NullPointerException
	at java.lang.Class.forName0(Native Method)
	at java.lang.Class.forName(Unknown Source)
	at com.senla.training.kononovich.dependencyinjection.DependencyInjection.getClassInstance(DependencyInjection.java:24)
	at com.senla.training.kononovich.controller.Shop.<init>(Shop.java:26)
	at com.senla.training.kononovich.controller.Shop.getInstance(Shop.java:50)
	at com.senla.training.kononovich.webapp.Test.main(Test.java:9)
2018-01-17 12:45:06 DEBUG org.jboss.logging.messageLogger:28 - Logging Provider: org.jboss.logging.Log4jLoggerProvider
2018-01-17 12:45:06 DEBUG org.hibernate.integrator.internal.IntegratorServiceImpl.addIntegrator:46 - Adding Integrator [org.hibernate.cfg.beanvalidation.BeanValidationIntegrator].
2018-01-17 12:45:06 DEBUG org.hibernate.integrator.internal.IntegratorServiceImpl.addIntegrator:46 - Adding Integrator [org.hibernate.secure.spi.JaccIntegrator].
2018-01-17 12:45:06 DEBUG org.hibernate.integrator.internal.IntegratorServiceImpl.addIntegrator:46 - Adding Integrator [org.hibernate.cache.internal.CollectionCacheInvalidator].
2018-01-17 12:45:30 ERROR com.senla.training.kononovich.dependencyinjection.propertyworker.PropertyWorker.getProps:34 - source\DependencyInjection.txt (Системе не удается найти указанный путь)
java.io.FileNotFoundException: source\DependencyInjection.txt (Системе не удается найти указанный путь)
	at java.io.FileInputStream.open0(Native Method)
	at java.io.FileInputStream.open(Unknown Source)
	at java.io.FileInputStream.<init>(Unknown Source)
	at java.io.FileInputStream.<init>(Unknown Source)
	at com.senla.training.kononovich.dependencyinjection.propertyworker.PropertyWorker.getProps(PropertyWorker.java:29)
	at com.senla.training.kononovich.dependencyinjection.DependencyInjection.getClassInstance(DependencyInjection.java:22)
	at com.senla.training.kononovich.controller.Shop.<init>(Shop.java:26)
	at com.senla.training.kononovich.controller.Shop.getInstance(Shop.java:50)
	at com.senla.training.kononovich.webapp.Test.main(Test.java:9)
2018-01-17 12:45:30 ERROR com.senla.training.kononovich.dependencyinjection.DependencyInjection.getClassInstance:28 - 
java.lang.NullPointerException
	at java.lang.Class.forName0(Native Method)
	at java.lang.Class.forName(Unknown Source)
	at com.senla.training.kononovich.dependencyinjection.DependencyInjection.getClassInstance(DependencyInjection.java:24)
	at com.senla.training.kononovich.controller.Shop.<init>(Shop.java:26)
	at com.senla.training.kononovich.controller.Shop.getInstance(Shop.java:50)
	at com.senla.training.kononovich.webapp.Test.main(Test.java:9)
2018-01-17 12:45:30 DEBUG org.jboss.logging.messageLogger:28 - Logging Provider: org.jboss.logging.Log4jLoggerProvider
2018-01-17 12:45:30 DEBUG org.hibernate.integrator.internal.IntegratorServiceImpl.addIntegrator:46 - Adding Integrator [org.hibernate.cfg.beanvalidation.BeanValidationIntegrator].
2018-01-17 12:45:30 DEBUG org.hibernate.integrator.internal.IntegratorServiceImpl.addIntegrator:46 - Adding Integrator [org.hibernate.secure.spi.JaccIntegrator].
2018-01-17 12:45:30 DEBUG org.hibernate.integrator.internal.IntegratorServiceImpl.addIntegrator:46 - Adding Integrator [org.hibernate.cache.internal.CollectionCacheInvalidator].
2018-01-17 12:46:31 ERROR com.senla.training.kononovich.dependencyinjection.propertyworker.PropertyWorker.getProps:34 - DependencyInjection.txt (Не удается найти указанный файл)
java.io.FileNotFoundException: DependencyInjection.txt (Не удается найти указанный файл)
	at java.io.FileInputStream.open0(Native Method)
	at java.io.FileInputStream.open(Unknown Source)
	at java.io.FileInputStream.<init>(Unknown Source)
	at java.io.FileInputStream.<init>(Unknown Source)
	at com.senla.training.kononovich.dependencyinjection.propertyworker.PropertyWorker.getProps(PropertyWorker.java:29)
	at com.senla.training.kononovich.dependencyinjection.DependencyInjection.getClassInstance(DependencyInjection.java:22)
	at com.senla.training.kononovich.controller.Shop.<init>(Shop.java:26)
	at com.senla.training.kononovich.controller.Shop.getInstance(Shop.java:50)
	at com.senla.training.kononovich.webapp.Test.main(Test.java:9)
2018-01-17 12:46:31 ERROR com.senla.training.kononovich.dependencyinjection.DependencyInjection.getClassInstance:28 - 
java.lang.NullPointerException
	at java.lang.Class.forName0(Native Method)
	at java.lang.Class.forName(Unknown Source)
	at com.senla.training.kononovich.dependencyinjection.DependencyInjection.getClassInstance(DependencyInjection.java:24)
	at com.senla.training.kononovich.controller.Shop.<init>(Shop.java:26)
	at com.senla.training.kononovich.controller.Shop.getInstance(Shop.java:50)
	at com.senla.training.kononovich.webapp.Test.main(Test.java:9)
2018-01-17 12:46:31 DEBUG org.jboss.logging.messageLogger:28 - Logging Provider: org.jboss.logging.Log4jLoggerProvider
2018-01-17 12:46:31 DEBUG org.hibernate.integrator.internal.IntegratorServiceImpl.addIntegrator:46 - Adding Integrator [org.hibernate.cfg.beanvalidation.BeanValidationIntegrator].
2018-01-17 12:46:31 DEBUG org.hibernate.integrator.internal.IntegratorServiceImpl.addIntegrator:46 - Adding Integrator [org.hibernate.secure.spi.JaccIntegrator].
2018-01-17 12:46:31 DEBUG org.hibernate.integrator.internal.IntegratorServiceImpl.addIntegrator:46 - Adding Integrator [org.hibernate.cache.internal.CollectionCacheInvalidator].
2018-01-17 12:53:12 ERROR com.senla.training.kononovich.dependencyinjection.propertyworker.PropertyWorker.getProps:34 - DependencyInjection.txt (Не удается найти указанный файл)
java.io.FileNotFoundException: DependencyInjection.txt (Не удается найти указанный файл)
	at java.io.FileInputStream.open0(Native Method)
	at java.io.FileInputStream.open(Unknown Source)
	at java.io.FileInputStream.<init>(Unknown Source)
	at java.io.FileInputStream.<init>(Unknown Source)
	at com.senla.training.kononovich.dependencyinjection.propertyworker.PropertyWorker.getProps(PropertyWorker.java:29)
	at com.senla.training.kononovich.dependencyinjection.DependencyInjection.getClassInstance(DependencyInjection.java:22)
	at com.senla.training.kononovich.controller.Shop.<init>(Shop.java:26)
	at com.senla.training.kononovich.controller.Shop.getInstance(Shop.java:50)
	at com.senla.training.kononovich.webapp.Test.main(Test.java:9)
2018-01-17 12:53:12 ERROR com.senla.training.kononovich.dependencyinjection.DependencyInjection.getClassInstance:28 - 
java.lang.NullPointerException
	at java.lang.Class.forName0(Native Method)
	at java.lang.Class.forName(Unknown Source)
	at com.senla.training.kononovich.dependencyinjection.DependencyInjection.getClassInstance(DependencyInjection.java:24)
	at com.senla.training.kononovich.controller.Shop.<init>(Shop.java:26)
	at com.senla.training.kononovich.controller.Shop.getInstance(Shop.java:50)
	at com.senla.training.kononovich.webapp.Test.main(Test.java:9)
2018-01-17 12:53:13 DEBUG org.jboss.logging.messageLogger:28 - Logging Provider: org.jboss.logging.Log4jLoggerProvider
2018-01-17 12:53:13 DEBUG org.hibernate.integrator.internal.IntegratorServiceImpl.addIntegrator:46 - Adding Integrator [org.hibernate.cfg.beanvalidation.BeanValidationIntegrator].
2018-01-17 12:53:13 DEBUG org.hibernate.integrator.internal.IntegratorServiceImpl.addIntegrator:46 - Adding Integrator [org.hibernate.secure.spi.JaccIntegrator].
2018-01-17 12:53:13 DEBUG org.hibernate.integrator.internal.IntegratorServiceImpl.addIntegrator:46 - Adding Integrator [org.hibernate.cache.internal.CollectionCacheInvalidator].
2018-01-17 12:56:24 ERROR com.senla.training.kononovich.dependencyinjection.propertyworker.PropertyWorker.getProps:34 - DependencyInjection.txt (Не удается найти указанный файл)
java.io.FileNotFoundException: DependencyInjection.txt (Не удается найти указанный файл)
	at java.io.FileInputStream.open0(Native Method)
	at java.io.FileInputStream.open(Unknown Source)
	at java.io.FileInputStream.<init>(Unknown Source)
	at java.io.FileInputStream.<init>(Unknown Source)
	at com.senla.training.kononovich.dependencyinjection.propertyworker.PropertyWorker.getProps(PropertyWorker.java:29)
	at com.senla.training.kononovich.dependencyinjection.DependencyInjection.getClassInstance(DependencyInjection.java:22)
	at com.senla.training.kononovich.controller.Shop.<init>(Shop.java:26)
	at com.senla.training.kononovich.controller.Shop.getInstance(Shop.java:50)
	at com.senla.training.kononovich.webapp.Test.main(Test.java:9)
2018-01-17 12:56:24 ERROR com.senla.training.kononovich.dependencyinjection.DependencyInjection.getClassInstance:28 - 
java.lang.NullPointerException
	at java.lang.Class.forName0(Native Method)
	at java.lang.Class.forName(Unknown Source)
	at com.senla.training.kononovich.dependencyinjection.DependencyInjection.getClassInstance(DependencyInjection.java:24)
	at com.senla.training.kononovich.controller.Shop.<init>(Shop.java:26)
	at com.senla.training.kononovich.controller.Shop.getInstance(Shop.java:50)
	at com.senla.training.kononovich.webapp.Test.main(Test.java:9)
2018-01-17 12:56:24 DEBUG org.jboss.logging.messageLogger:28 - Logging Provider: org.jboss.logging.Log4jLoggerProvider
2018-01-17 12:56:24 DEBUG org.hibernate.integrator.internal.IntegratorServiceImpl.addIntegrator:46 - Adding Integrator [org.hibernate.cfg.beanvalidation.BeanValidationIntegrator].
2018-01-17 12:56:24 DEBUG org.hibernate.integrator.internal.IntegratorServiceImpl.addIntegrator:46 - Adding Integrator [org.hibernate.secure.spi.JaccIntegrator].
2018-01-17 12:56:24 DEBUG org.hibernate.integrator.internal.IntegratorServiceImpl.addIntegrator:46 - Adding Integrator [org.hibernate.cache.internal.CollectionCacheInvalidator].
2018-01-17 12:57:49 ERROR com.senla.training.kononovich.dependencyinjection.propertyworker.PropertyWorker.getProps:34 - DependencyInjection.txt (Не удается найти указанный файл)
java.io.FileNotFoundException: DependencyInjection.txt (Не удается найти указанный файл)
	at java.io.FileInputStream.open0(Native Method)
	at java.io.FileInputStream.open(Unknown Source)
	at java.io.FileInputStream.<init>(Unknown Source)
	at java.io.FileInputStream.<init>(Unknown Source)
	at com.senla.training.kononovich.dependencyinjection.propertyworker.PropertyWorker.getProps(PropertyWorker.java:29)
	at com.senla.training.kononovich.dependencyinjection.DependencyInjection.getClassInstance(DependencyInjection.java:22)
	at com.senla.training.kononovich.controller.Shop.<init>(Shop.java:26)
	at com.senla.training.kononovich.controller.Shop.getInstance(Shop.java:50)
	at com.senla.training.kononovich.webapp.Test.main(Test.java:9)
2018-01-17 12:57:49 ERROR com.senla.training.kononovich.dependencyinjection.DependencyInjection.getClassInstance:28 - 
java.lang.NullPointerException
	at java.lang.Class.forName0(Native Method)
	at java.lang.Class.forName(Unknown Source)
	at com.senla.training.kononovich.dependencyinjection.DependencyInjection.getClassInstance(DependencyInjection.java:24)
	at com.senla.training.kononovich.controller.Shop.<init>(Shop.java:26)
	at com.senla.training.kononovich.controller.Shop.getInstance(Shop.java:50)
	at com.senla.training.kononovich.webapp.Test.main(Test.java:9)
2018-01-17 12:57:49 DEBUG org.jboss.logging.messageLogger:28 - Logging Provider: org.jboss.logging.Log4jLoggerProvider
2018-01-17 12:57:49 DEBUG org.hibernate.integrator.internal.IntegratorServiceImpl.addIntegrator:46 - Adding Integrator [org.hibernate.cfg.beanvalidation.BeanValidationIntegrator].
2018-01-17 12:57:49 DEBUG org.hibernate.integrator.internal.IntegratorServiceImpl.addIntegrator:46 - Adding Integrator [org.hibernate.secure.spi.JaccIntegrator].
2018-01-17 12:57:49 DEBUG org.hibernate.integrator.internal.IntegratorServiceImpl.addIntegrator:46 - Adding Integrator [org.hibernate.cache.internal.CollectionCacheInvalidator].
2018-01-17 12:58:53 ERROR com.senla.training.kononovich.dependencyinjection.propertyworker.PropertyWorker.getProps:34 - DependencyInjection.txt (Не удается найти указанный файл)
java.io.FileNotFoundException: DependencyInjection.txt (Не удается найти указанный файл)
	at java.io.FileInputStream.open0(Native Method)
	at java.io.FileInputStream.open(Unknown Source)
	at java.io.FileInputStream.<init>(Unknown Source)
	at java.io.FileInputStream.<init>(Unknown Source)
	at com.senla.training.kononovich.dependencyinjection.propertyworker.PropertyWorker.getProps(PropertyWorker.java:29)
	at com.senla.training.kononovich.dependencyinjection.DependencyInjection.getClassInstance(DependencyInjection.java:22)
	at com.senla.training.kononovich.controller.Shop.<init>(Shop.java:26)
	at com.senla.training.kononovich.controller.Shop.getInstance(Shop.java:50)
	at com.senla.training.kononovich.webapp.Test.main(Test.java:9)
2018-01-17 12:58:53 ERROR com.senla.training.kononovich.dependencyinjection.DependencyInjection.getClassInstance:28 - 
java.lang.NullPointerException
	at java.lang.Class.forName0(Native Method)
	at java.lang.Class.forName(Unknown Source)
	at com.senla.training.kononovich.dependencyinjection.DependencyInjection.getClassInstance(DependencyInjection.java:24)
	at com.senla.training.kononovich.controller.Shop.<init>(Shop.java:26)
	at com.senla.training.kononovich.controller.Shop.getInstance(Shop.java:50)
	at com.senla.training.kononovich.webapp.Test.main(Test.java:9)
2018-01-17 12:58:53 DEBUG org.jboss.logging.messageLogger:28 - Logging Provider: org.jboss.logging.Log4jLoggerProvider
2018-01-17 12:58:53 DEBUG org.hibernate.integrator.internal.IntegratorServiceImpl.addIntegrator:46 - Adding Integrator [org.hibernate.cfg.beanvalidation.BeanValidationIntegrator].
2018-01-17 12:58:53 DEBUG org.hibernate.integrator.internal.IntegratorServiceImpl.addIntegrator:46 - Adding Integrator [org.hibernate.secure.spi.JaccIntegrator].
2018-01-17 12:58:53 DEBUG org.hibernate.integrator.internal.IntegratorServiceImpl.addIntegrator:46 - Adding Integrator [org.hibernate.cache.internal.CollectionCacheInvalidator].
2018-01-17 13:19:02 ERROR com.senla.training.kononovich.dependencyinjection.propertyworker.PropertyWorker.getProps:36 - 
java.lang.NullPointerException
	at com.senla.training.kononovich.dependencyinjection.propertyworker.PropertyWorker.getProps(PropertyWorker.java:31)
	at com.senla.training.kononovich.dependencyinjection.DependencyInjection.getClassInstance(DependencyInjection.java:22)
	at com.senla.training.kononovich.controller.Shop.<init>(Shop.java:26)
	at com.senla.training.kononovich.controller.Shop.getInstance(Shop.java:50)
	at com.senla.training.kononovich.webapp.Test.main(Test.java:9)
2018-01-17 13:19:02 ERROR com.senla.training.kononovich.dependencyinjection.DependencyInjection.getClassInstance:28 - 
java.lang.NullPointerException
	at java.lang.Class.forName0(Native Method)
	at java.lang.Class.forName(Unknown Source)
	at com.senla.training.kononovich.dependencyinjection.DependencyInjection.getClassInstance(DependencyInjection.java:24)
	at com.senla.training.kononovich.controller.Shop.<init>(Shop.java:26)
	at com.senla.training.kononovich.controller.Shop.getInstance(Shop.java:50)
	at com.senla.training.kononovich.webapp.Test.main(Test.java:9)
2018-01-17 13:19:02 DEBUG org.jboss.logging.messageLogger:28 - Logging Provider: org.jboss.logging.Log4jLoggerProvider
2018-01-17 13:19:02 DEBUG org.hibernate.integrator.internal.IntegratorServiceImpl.addIntegrator:46 - Adding Integrator [org.hibernate.cfg.beanvalidation.BeanValidationIntegrator].
2018-01-17 13:19:02 DEBUG org.hibernate.integrator.internal.IntegratorServiceImpl.addIntegrator:46 - Adding Integrator [org.hibernate.secure.spi.JaccIntegrator].
2018-01-17 13:19:02 DEBUG org.hibernate.integrator.internal.IntegratorServiceImpl.addIntegrator:46 - Adding Integrator [org.hibernate.cache.internal.CollectionCacheInvalidator].
2018-01-17 13:23:01 ERROR com.senla.training.kononovich.dependencyinjection.propertyworker.PropertyWorker.getProps:34 - DependencyInjection.txt (Не удается найти указанный файл)
java.io.FileNotFoundException: DependencyInjection.txt (Не удается найти указанный файл)
	at java.io.FileInputStream.open0(Native Method)
	at java.io.FileInputStream.open(Unknown Source)
	at java.io.FileInputStream.<init>(Unknown Source)
	at java.io.FileInputStream.<init>(Unknown Source)
	at com.senla.training.kononovich.dependencyinjection.propertyworker.PropertyWorker.getProps(PropertyWorker.java:29)
	at com.senla.training.kononovich.dependencyinjection.DependencyInjection.getClassInstance(DependencyInjection.java:22)
	at com.senla.training.kononovich.controller.Shop.<init>(Shop.java:26)
	at com.senla.training.kononovich.controller.Shop.getInstance(Shop.java:50)
	at com.senla.training.kononovich.webapp.Test.main(Test.java:9)
2018-01-17 13:23:01 ERROR com.senla.training.kononovich.dependencyinjection.DependencyInjection.getClassInstance:28 - 
java.lang.NullPointerException
	at java.lang.Class.forName0(Native Method)
	at java.lang.Class.forName(Unknown Source)
	at com.senla.training.kononovich.dependencyinjection.DependencyInjection.getClassInstance(DependencyInjection.java:24)
	at com.senla.training.kononovich.controller.Shop.<init>(Shop.java:26)
	at com.senla.training.kononovich.controller.Shop.getInstance(Shop.java:50)
	at com.senla.training.kononovich.webapp.Test.main(Test.java:9)
2018-01-17 13:23:01 DEBUG org.jboss.logging.messageLogger:28 - Logging Provider: org.jboss.logging.Log4jLoggerProvider
2018-01-17 13:23:01 DEBUG org.hibernate.integrator.internal.IntegratorServiceImpl.addIntegrator:46 - Adding Integrator [org.hibernate.cfg.beanvalidation.BeanValidationIntegrator].
2018-01-17 13:23:01 DEBUG org.hibernate.integrator.internal.IntegratorServiceImpl.addIntegrator:46 - Adding Integrator [org.hibernate.secure.spi.JaccIntegrator].
2018-01-17 13:23:01 DEBUG org.hibernate.integrator.internal.IntegratorServiceImpl.addIntegrator:46 - Adding Integrator [org.hibernate.cache.internal.CollectionCacheInvalidator].
2018-01-17 13:24:20 ERROR com.senla.training.kononovich.dependencyinjection.propertyworker.PropertyWorker.getProps:34 - DependencyInjection.txt (Не удается найти указанный файл)
java.io.FileNotFoundException: DependencyInjection.txt (Не удается найти указанный файл)
	at java.io.FileInputStream.open0(Native Method)
	at java.io.FileInputStream.open(Unknown Source)
	at java.io.FileInputStream.<init>(Unknown Source)
	at java.io.FileInputStream.<init>(Unknown Source)
	at com.senla.training.kononovich.dependencyinjection.propertyworker.PropertyWorker.getProps(PropertyWorker.java:29)
	at com.senla.training.kononovich.dependencyinjection.DependencyInjection.getClassInstance(DependencyInjection.java:22)
	at com.senla.training.kononovich.controller.Shop.<init>(Shop.java:26)
	at com.senla.training.kononovich.controller.Shop.getInstance(Shop.java:50)
	at com.senla.training.kononovich.webapp.Test.main(Test.java:9)
2018-01-17 13:24:20 ERROR com.senla.training.kononovich.dependencyinjection.DependencyInjection.getClassInstance:28 - 
java.lang.NullPointerException
	at java.lang.Class.forName0(Native Method)
	at java.lang.Class.forName(Unknown Source)
	at com.senla.training.kononovich.dependencyinjection.DependencyInjection.getClassInstance(DependencyInjection.java:24)
	at com.senla.training.kononovich.controller.Shop.<init>(Shop.java:26)
	at com.senla.training.kononovich.controller.Shop.getInstance(Shop.java:50)
	at com.senla.training.kononovich.webapp.Test.main(Test.java:9)
2018-01-17 13:24:20 DEBUG org.jboss.logging.messageLogger:28 - Logging Provider: org.jboss.logging.Log4jLoggerProvider
2018-01-17 13:24:20 DEBUG org.hibernate.integrator.internal.IntegratorServiceImpl.addIntegrator:46 - Adding Integrator [org.hibernate.cfg.beanvalidation.BeanValidationIntegrator].
2018-01-17 13:24:20 DEBUG org.hibernate.integrator.internal.IntegratorServiceImpl.addIntegrator:46 - Adding Integrator [org.hibernate.secure.spi.JaccIntegrator].
2018-01-17 13:24:20 DEBUG org.hibernate.integrator.internal.IntegratorServiceImpl.addIntegrator:46 - Adding Integrator [org.hibernate.cache.internal.CollectionCacheInvalidator].
2018-01-17 15:53:04 ERROR com.senla.training.kononovich.dependencyinjection.propertyworker.PropertyWorker.getProps:34 - DependencyInjection.txt (Не удается найти указанный файл)
java.io.FileNotFoundException: DependencyInjection.txt (Не удается найти указанный файл)
	at java.io.FileInputStream.open0(Native Method)
	at java.io.FileInputStream.open(Unknown Source)
	at java.io.FileInputStream.<init>(Unknown Source)
	at java.io.FileInputStream.<init>(Unknown Source)
	at com.senla.training.kononovich.dependencyinjection.propertyworker.PropertyWorker.getProps(PropertyWorker.java:29)
	at com.senla.training.kononovich.dependencyinjection.DependencyInjection.getClassInstance(DependencyInjection.java:22)
	at com.senla.training.kononovich.controller.Shop.<init>(Shop.java:26)
	at com.senla.training.kononovich.controller.Shop.getInstance(Shop.java:50)
	at com.senla.training.kononovich.webapp.Test.main(Test.java:9)
2018-01-17 15:53:04 ERROR com.senla.training.kononovich.dependencyinjection.DependencyInjection.getClassInstance:28 - 
java.lang.NullPointerException
	at java.lang.Class.forName0(Native Method)
	at java.lang.Class.forName(Unknown Source)
	at com.senla.training.kononovich.dependencyinjection.DependencyInjection.getClassInstance(DependencyInjection.java:24)
	at com.senla.training.kononovich.controller.Shop.<init>(Shop.java:26)
	at com.senla.training.kononovich.controller.Shop.getInstance(Shop.java:50)
	at com.senla.training.kononovich.webapp.Test.main(Test.java:9)
2018-01-17 15:53:04 DEBUG org.jboss.logging.messageLogger:28 - Logging Provider: org.jboss.logging.Log4jLoggerProvider
2018-01-17 15:53:04 DEBUG org.hibernate.integrator.internal.IntegratorServiceImpl.addIntegrator:46 - Adding Integrator [org.hibernate.cfg.beanvalidation.BeanValidationIntegrator].
2018-01-17 15:53:04 DEBUG org.hibernate.integrator.internal.IntegratorServiceImpl.addIntegrator:46 - Adding Integrator [org.hibernate.secure.spi.JaccIntegrator].
2018-01-17 15:53:04 DEBUG org.hibernate.integrator.internal.IntegratorServiceImpl.addIntegrator:46 - Adding Integrator [org.hibernate.cache.internal.CollectionCacheInvalidator].
2018-01-17 15:54:15 ERROR com.senla.training.kononovich.dependencyinjection.propertyworker.PropertyWorker.getProps:35 - 
java.lang.NullPointerException
	at java.util.Properties$LineReader.readLine(Unknown Source)
	at java.util.Properties.load0(Unknown Source)
	at java.util.Properties.load(Unknown Source)
	at com.senla.training.kononovich.dependencyinjection.propertyworker.PropertyWorker.getProps(PropertyWorker.java:31)
	at com.senla.training.kononovich.dependencyinjection.DependencyInjection.getClassInstance(DependencyInjection.java:22)
	at com.senla.training.kononovich.controller.Shop.<init>(Shop.java:26)
	at com.senla.training.kononovich.controller.Shop.getInstance(Shop.java:50)
	at com.senla.training.kononovich.webapp.Test.main(Test.java:9)
2018-01-17 15:54:15 ERROR com.senla.training.kononovich.dependencyinjection.DependencyInjection.getClassInstance:28 - 
java.lang.NullPointerException
	at java.lang.Class.forName0(Native Method)
	at java.lang.Class.forName(Unknown Source)
	at com.senla.training.kononovich.dependencyinjection.DependencyInjection.getClassInstance(DependencyInjection.java:24)
	at com.senla.training.kononovich.controller.Shop.<init>(Shop.java:26)
	at com.senla.training.kononovich.controller.Shop.getInstance(Shop.java:50)
	at com.senla.training.kononovich.webapp.Test.main(Test.java:9)
2018-01-17 15:54:16 DEBUG org.jboss.logging.messageLogger:28 - Logging Provider: org.jboss.logging.Log4jLoggerProvider
2018-01-17 15:54:16 DEBUG org.hibernate.integrator.internal.IntegratorServiceImpl.addIntegrator:46 - Adding Integrator [org.hibernate.cfg.beanvalidation.BeanValidationIntegrator].
2018-01-17 15:54:16 DEBUG org.hibernate.integrator.internal.IntegratorServiceImpl.addIntegrator:46 - Adding Integrator [org.hibernate.secure.spi.JaccIntegrator].
2018-01-17 15:54:16 DEBUG org.hibernate.integrator.internal.IntegratorServiceImpl.addIntegrator:46 - Adding Integrator [org.hibernate.cache.internal.CollectionCacheInvalidator].
2018-01-17 15:55:58 ERROR com.senla.training.kononovich.dependencyinjection.DependencyInjection.getClassInstance:28 - Class com.senla.training.kononovich.dependencyinjection.DependencyInjection can not access a member of class com.senla.training.kononovich.service.BookService with modifiers "private"
java.lang.IllegalAccessException: Class com.senla.training.kononovich.dependencyinjection.DependencyInjection can not access a member of class com.senla.training.kononovich.service.BookService with modifiers "private"
	at sun.reflect.Reflection.ensureMemberAccess(Unknown Source)
	at java.lang.Class.newInstance(Unknown Source)
	at com.senla.training.kononovich.dependencyinjection.DependencyInjection.getClassInstance(DependencyInjection.java:25)
	at com.senla.training.kononovich.controller.Shop.<init>(Shop.java:26)
	at com.senla.training.kononovich.controller.Shop.getInstance(Shop.java:50)
	at com.senla.training.kononovich.webapp.Test.main(Test.java:9)
2018-01-17 15:55:58 DEBUG org.jboss.logging.messageLogger:28 - Logging Provider: org.jboss.logging.Log4jLoggerProvider
2018-01-17 15:55:58 DEBUG org.hibernate.integrator.internal.IntegratorServiceImpl.addIntegrator:46 - Adding Integrator [org.hibernate.cfg.beanvalidation.BeanValidationIntegrator].
2018-01-17 15:55:58 DEBUG org.hibernate.integrator.internal.IntegratorServiceImpl.addIntegrator:46 - Adding Integrator [org.hibernate.secure.spi.JaccIntegrator].
2018-01-17 15:55:58 DEBUG org.hibernate.integrator.internal.IntegratorServiceImpl.addIntegrator:46 - Adding Integrator [org.hibernate.cache.internal.CollectionCacheInvalidator].
2018-01-17 15:58:58 DEBUG org.jboss.logging.messageLogger:28 - Logging Provider: org.jboss.logging.Log4jLoggerProvider
2018-01-17 15:58:58 DEBUG org.hibernate.integrator.internal.IntegratorServiceImpl.addIntegrator:46 - Adding Integrator [org.hibernate.cfg.beanvalidation.BeanValidationIntegrator].
2018-01-17 15:58:58 DEBUG org.hibernate.integrator.internal.IntegratorServiceImpl.addIntegrator:46 - Adding Integrator [org.hibernate.secure.spi.JaccIntegrator].
2018-01-17 15:58:58 DEBUG org.hibernate.integrator.internal.IntegratorServiceImpl.addIntegrator:46 - Adding Integrator [org.hibernate.cache.internal.CollectionCacheInvalidator].
2018-01-17 16:26:57 DEBUG org.jboss.logging.messageLogger:28 - Logging Provider: org.jboss.logging.Log4jLoggerProvider
2018-01-17 16:26:57 DEBUG org.hibernate.integrator.internal.IntegratorServiceImpl.addIntegrator:46 - Adding Integrator [org.hibernate.cfg.beanvalidation.BeanValidationIntegrator].
2018-01-17 16:26:57 DEBUG org.hibernate.integrator.internal.IntegratorServiceImpl.addIntegrator:46 - Adding Integrator [org.hibernate.secure.spi.JaccIntegrator].
2018-01-17 16:26:57 DEBUG org.hibernate.integrator.internal.IntegratorServiceImpl.addIntegrator:46 - Adding Integrator [org.hibernate.cache.internal.CollectionCacheInvalidator].
2018-01-17 16:30:12 DEBUG org.jboss.logging.messageLogger:28 - Logging Provider: org.jboss.logging.Log4jLoggerProvider
2018-01-17 16:30:12 DEBUG org.hibernate.integrator.internal.IntegratorServiceImpl.addIntegrator:46 - Adding Integrator [org.hibernate.cfg.beanvalidation.BeanValidationIntegrator].
2018-01-17 16:30:12 DEBUG org.hibernate.integrator.internal.IntegratorServiceImpl.addIntegrator:46 - Adding Integrator [org.hibernate.secure.spi.JaccIntegrator].
2018-01-17 16:30:12 DEBUG org.hibernate.integrator.internal.IntegratorServiceImpl.addIntegrator:46 - Adding Integrator [org.hibernate.cache.internal.CollectionCacheInvalidator].
2018-01-17 16:37:12 DEBUG org.jboss.logging.messageLogger:28 - Logging Provider: org.jboss.logging.Log4jLoggerProvider
2018-01-17 16:37:12 DEBUG org.hibernate.integrator.internal.IntegratorServiceImpl.addIntegrator:46 - Adding Integrator [org.hibernate.cfg.beanvalidation.BeanValidationIntegrator].
2018-01-17 16:37:12 DEBUG org.hibernate.integrator.internal.IntegratorServiceImpl.addIntegrator:46 - Adding Integrator [org.hibernate.secure.spi.JaccIntegrator].
2018-01-17 16:37:12 DEBUG org.hibernate.integrator.internal.IntegratorServiceImpl.addIntegrator:46 - Adding Integrator [org.hibernate.cache.internal.CollectionCacheInvalidator].
2018-01-17 16:48:23 DEBUG org.jboss.logging.messageLogger:28 - Logging Provider: org.jboss.logging.Log4jLoggerProvider
2018-01-17 16:48:23 DEBUG org.hibernate.integrator.internal.IntegratorServiceImpl.addIntegrator:46 - Adding Integrator [org.hibernate.cfg.beanvalidation.BeanValidationIntegrator].
2018-01-17 16:48:23 DEBUG org.hibernate.integrator.internal.IntegratorServiceImpl.addIntegrator:46 - Adding Integrator [org.hibernate.secure.spi.JaccIntegrator].
2018-01-17 16:48:23 DEBUG org.hibernate.integrator.internal.IntegratorServiceImpl.addIntegrator:46 - Adding Integrator [org.hibernate.cache.internal.CollectionCacheInvalidator].
